{
  "stats": {
    "suites": 1,
    "tests": 2,
    "passes": 2,
    "pending": 0,
    "failures": 0,
    "start": "2025-06-22T04:32:24.582Z",
    "end": "2025-06-22T04:32:49.950Z",
    "duration": 25368,
    "testsRegistered": 2,
    "passPercent": 100,
    "pendingPercent": 0,
    "other": 0,
    "hasOther": false,
    "skipped": 0,
    "hasSkipped": false
  },
  "results": [
    {
      "uuid": "8ca0d456-9a8f-45c2-ad8f-cb5807d63e76",
      "title": "",
      "fullFile": "C:\\Users\\IRMA SURYANI\\Desktop\\MOCHA\\tests\\irma_tugas_sesi10\\tugas_sesi10.js",
      "file": "\\tests\\irma_tugas_sesi10\\tugas_sesi10.js",
      "beforeHooks": [],
      "afterHooks": [],
      "tests": [],
      "suites": [
        {
          "uuid": "0eaa5891-7487-4817-bda5-9da6ee9e4e47",
          "title": "Pengujian Fitur SauceDemo",
          "fullFile": "C:\\Users\\IRMA SURYANI\\Desktop\\MOCHA\\tests\\irma_tugas_sesi10\\tugas_sesi10.js",
          "file": "\\tests\\irma_tugas_sesi10\\tugas_sesi10.js",
          "beforeHooks": [
            {
              "title": "\"before each\" hook in \"Pengujian Fitur SauceDemo\"",
              "fullTitle": "Pengujian Fitur SauceDemo \"before each\" hook in \"Pengujian Fitur SauceDemo\"",
              "timedOut": false,
              "duration": 2308,
              "state": null,
              "speed": null,
              "pass": false,
              "fail": false,
              "pending": false,
              "context": null,
              "code": "console.log('BeforeEach membuka browser baru');\noptions = new chrome.Options();   \noptions.addArguments('--incognito');\ndriver = await new Builder().forBrowser('chrome').setChromeOptions(options).build();\nawait driver.manage().window().maximize();",
              "err": {},
              "uuid": "5f12bd2a-47f8-4086-9ec3-b07b494f361f",
              "parentUUID": "0eaa5891-7487-4817-bda5-9da6ee9e4e47",
              "isHook": true,
              "skipped": false
            }
          ],
          "afterHooks": [
            {
              "title": "\"after each\" hook in \"Pengujian Fitur SauceDemo\"",
              "fullTitle": "Pengujian Fitur SauceDemo \"after each\" hook in \"Pengujian Fitur SauceDemo\"",
              "timedOut": false,
              "duration": 337,
              "state": null,
              "speed": null,
              "pass": false,
              "fail": false,
              "pending": false,
              "context": null,
              "code": "console.log('AfterEach menutup browser');\nawait driver.quit();",
              "err": {},
              "uuid": "a3c309db-7db6-461c-be38-0719ec89062c",
              "parentUUID": "0eaa5891-7487-4817-bda5-9da6ee9e4e47",
              "isHook": true,
              "skipped": false
            }
          ],
          "tests": [
            {
              "title": "Login berhasil",
              "fullTitle": "Pengujian Fitur SauceDemo Login berhasil",
              "timedOut": false,
              "duration": 8127,
              "state": "passed",
              "speed": "slow",
              "pass": true,
              "fail": false,
              "pending": false,
              "context": null,
              "code": "console.log('Buka halaman saucedemo');\nawait driver.get('https://www.saucedemo.com/');\nconsole.log('Masukkan username dan password');\nconst input_username = await driver.findElement(By.xpath('//*[@id=\"user-name\"]'));\nconst input_password = await driver.findElement(By.xpath('//*[@id=\"password\"]'));\nconst button_login = await driver.findElement(By.xpath('//*[@id=\"login-button\"]'));\nawait input_username.sendKeys('standard_user');\nawait sleep(1000);\nawait input_password.sendKeys('secret_sauce');\nawait sleep(1000);\nconsole.log('Klik tombol login');\nawait button_login.click();\nawait sleep(3000);\nconsole.log('Validasi URL setelah login');\nconst urlSekarang = await driver.getCurrentUrl();\nassert.strictEqual(urlSekarang, 'https://www.saucedemo.com/inventory.html', 'Tidak masuk ke halaman inventory setelah login!');\nconsole.log('Berhasil masuk ke halaman inventory.');",
              "err": {},
              "uuid": "13f384c5-9669-4d0a-85e1-d4a210b9135d",
              "parentUUID": "0eaa5891-7487-4817-bda5-9da6ee9e4e47",
              "isHook": false,
              "skipped": false
            },
            {
              "title": "Sortir produk dari Z ke A",
              "fullTitle": "Pengujian Fitur SauceDemo Sortir produk dari Z ke A",
              "timedOut": false,
              "duration": 11958,
              "state": "passed",
              "speed": "slow",
              "pass": true,
              "fail": false,
              "pending": false,
              "context": null,
              "code": "console.log('Buka halaman saucedemo');\n      await driver.get('https://www.saucedemo.com/');\n      console.log('Masukkan username dan password');\n      const input_username = await driver.findElement(By.xpath('//*[@id=\"user-name\"]'));\n      const input_password = await driver.findElement(By.xpath('//*[@id=\"password\"]'));\n      const button_login = await driver.findElement(By.xpath('//*[@id=\"login-button\"]'));\n      await input_username.sendKeys('standard_user');\n      await sleep(1000);\n      await input_password.sendKeys('secret_sauce');\n      await sleep(1000);\n      console.log('Klik tombol login');\n      await button_login.click();\n      await sleep(3000);\n      console.log('Validasi URL setelah login');\n      const urlSekarang = await driver.getCurrentUrl();\n      assert.strictEqual(urlSekarang, 'https://www.saucedemo.com/inventory.html', 'Tidak masuk ke halaman inventory setelah login!');\n      console.log('Sortir produk dari Z ke A');\n      const dropdown = await driver.findElement(By.className('product_sort_container'));\n      await dropdown.click();\n      await sleep(1000);\n      const pilih_ZA = await driver.findElement(By.xpath('//*[@id=\"header_container\"]/div[2]/div/span/select/option[2]'));\n      await pilih_ZA.click();\n      await sleep(2000);\n      console.log('Sortir produk berhasil dilakukan.');",
              "err": {},
              "uuid": "ebef9762-59cd-4f35-8b24-94d3413f437b",
              "parentUUID": "0eaa5891-7487-4817-bda5-9da6ee9e4e47",
              "isHook": false,
              "skipped": false
            }
          ],
          "suites": [],
          "passes": [
            "13f384c5-9669-4d0a-85e1-d4a210b9135d",
            "ebef9762-59cd-4f35-8b24-94d3413f437b"
          ],
          "failures": [],
          "pending": [],
          "skipped": [],
          "duration": 20085,
          "root": false,
          "rootEmpty": false,
          "_timeout": 60000
        }
      ],
      "passes": [],
      "failures": [],
      "pending": [],
      "skipped": [],
      "duration": 0,
      "root": true,
      "rootEmpty": true,
      "_timeout": 60000
    }
  ],
  "meta": {
    "mocha": {
      "version": "10.8.2"
    },
    "mochawesome": {
      "options": {
        "quiet": false,
        "reportFilename": "mochawesome",
        "saveHtml": true,
        "saveJson": true,
        "consoleReporter": "spec",
        "useInlineDiffs": false,
        "code": true
      },
      "version": "7.1.3"
    },
    "marge": {
      "options": null,
      "version": "6.2.0"
    }
  }
}